{"/Users/dan/repos/hoa/securenet-node/index.js":{"path":"/Users/dan/repos/hoa/securenet-node/index.js","s":{"1":1,"2":1,"3":5,"4":5,"5":5,"6":1,"7":5,"8":4,"9":5,"10":2,"11":5,"12":0,"13":0,"14":0,"15":5,"16":0,"17":0,"18":0,"19":5,"20":0,"21":0,"22":0,"23":5,"24":0,"25":5,"26":0,"27":5,"28":0,"29":5,"30":0,"31":5,"32":0,"33":5,"34":0,"35":5,"36":1,"37":5,"38":0,"39":0,"40":0,"41":0,"42":0,"43":5,"44":0,"45":0,"46":0,"47":5,"48":1,"49":0,"50":1,"51":5,"52":0,"53":0,"54":0,"55":0,"56":0,"57":5,"58":0,"59":0,"60":0,"61":0,"62":0,"63":5,"64":0,"65":0,"66":0,"67":0,"68":0,"69":5,"70":0,"71":0,"72":0,"73":5,"74":0,"75":0,"76":0,"77":0,"78":0,"79":5,"80":0,"81":0,"82":0,"83":5,"84":0,"85":0,"86":0,"87":0,"88":0,"89":5,"90":1,"91":0,"92":1,"93":5,"94":0,"95":0,"96":0,"97":0,"98":0,"99":5,"100":0,"101":0,"102":0,"103":0,"104":0,"105":5,"106":0,"107":0,"108":0,"109":0,"110":0,"111":5,"112":0,"113":5,"114":0,"115":0,"116":0,"117":0,"118":0,"119":5,"120":0,"121":0,"122":0,"123":0,"124":0,"125":5,"126":0,"127":0,"128":0,"129":5,"130":0,"131":0,"132":0,"133":0,"134":0,"135":5,"136":0,"137":0,"138":0,"139":5},"b":{"1":[0,0],"2":[0,0],"3":[0,0],"4":[0,0],"5":[0,0],"6":[0,0],"7":[0,1],"8":[0,0],"9":[0,0],"10":[0,0],"11":[0,0],"12":[0,0],"13":[0,0],"14":[0,0],"15":[0,0],"16":[0,0],"17":[0,0],"18":[0,0],"19":[0,0],"20":[0,1],"21":[0,0],"22":[0,0],"23":[0,0],"24":[0,0],"25":[0,0],"26":[0,0],"27":[0,0],"28":[0,0],"29":[0,0],"30":[0,0],"31":[0,0],"32":[0,0],"33":[0,0],"34":[0,0]},"f":{"1":5,"2":1,"3":4,"4":2,"5":0,"6":0,"7":0,"8":0,"9":0,"10":0,"11":0,"12":0,"13":0,"14":1,"15":0,"16":0,"17":1,"18":0,"19":0,"20":0,"21":0,"22":0,"23":0,"24":0,"25":1,"26":0,"27":0,"28":0,"29":0,"30":0,"31":0,"32":0,"33":0,"34":0},"fnMap":{"1":{"name":"(anonymous_1)","line":5,"loc":{"start":{"line":5,"column":17},"end":{"line":5,"column":35}}},"2":{"name":"(anonymous_2)","line":14,"loc":{"start":{"line":14,"column":21},"end":{"line":14,"column":35}}},"3":{"name":"(anonymous_3)","line":18,"loc":{"start":{"line":18,"column":21},"end":{"line":18,"column":31}}},"4":{"name":"(anonymous_4)","line":22,"loc":{"start":{"line":22,"column":24},"end":{"line":22,"column":34}}},"5":{"name":"(anonymous_5)","line":29,"loc":{"start":{"line":29,"column":27},"end":{"line":29,"column":52}}},"6":{"name":"(anonymous_6)","line":34,"loc":{"start":{"line":34,"column":28},"end":{"line":34,"column":53}}},"7":{"name":"(anonymous_7)","line":43,"loc":{"start":{"line":43,"column":22},"end":{"line":43,"column":50}}},"8":{"name":"(anonymous_8)","line":51,"loc":{"start":{"line":51,"column":29},"end":{"line":51,"column":48}}},"9":{"name":"(anonymous_9)","line":55,"loc":{"start":{"line":55,"column":24},"end":{"line":55,"column":43}}},"10":{"name":"(anonymous_10)","line":63,"loc":{"start":{"line":63,"column":23},"end":{"line":63,"column":48}}},"11":{"name":"(anonymous_11)","line":67,"loc":{"start":{"line":67,"column":21},"end":{"line":67,"column":46}}},"12":{"name":"(anonymous_12)","line":71,"loc":{"start":{"line":71,"column":20},"end":{"line":71,"column":45}}},"13":{"name":"(anonymous_13)","line":75,"loc":{"start":{"line":75,"column":20},"end":{"line":75,"column":45}}},"14":{"name":"(anonymous_14)","line":83,"loc":{"start":{"line":83,"column":28},"end":{"line":83,"column":53}}},"15":{"name":"(anonymous_15)","line":87,"loc":{"start":{"line":87,"column":25},"end":{"line":87,"column":50}}},"16":{"name":"(anonymous_16)","line":98,"loc":{"start":{"line":98,"column":28},"end":{"line":98,"column":53}}},"17":{"name":"(anonymous_17)","line":106,"loc":{"start":{"line":106,"column":41},"end":{"line":106,"column":66}}},"18":{"name":"(anonymous_18)","line":114,"loc":{"start":{"line":114,"column":38},"end":{"line":114,"column":63}}},"19":{"name":"(anonymous_19)","line":123,"loc":{"start":{"line":123,"column":41},"end":{"line":123,"column":66}}},"20":{"name":"(anonymous_20)","line":132,"loc":{"start":{"line":132,"column":41},"end":{"line":132,"column":66}}},"21":{"name":"(anonymous_21)","line":145,"loc":{"start":{"line":145,"column":35},"end":{"line":145,"column":60}}},"22":{"name":"(anonymous_22)","line":152,"loc":{"start":{"line":152,"column":35},"end":{"line":152,"column":60}}},"23":{"name":"(anonymous_23)","line":161,"loc":{"start":{"line":161,"column":32},"end":{"line":161,"column":57}}},"24":{"name":"(anonymous_24)","line":168,"loc":{"start":{"line":168,"column":32},"end":{"line":168,"column":57}}},"25":{"name":"(anonymous_25)","line":177,"loc":{"start":{"line":177,"column":33},"end":{"line":177,"column":58}}},"26":{"name":"(anonymous_26)","line":184,"loc":{"start":{"line":184,"column":33},"end":{"line":184,"column":58}}},"27":{"name":"(anonymous_27)","line":193,"loc":{"start":{"line":193,"column":21},"end":{"line":193,"column":46}}},"28":{"name":"(anonymous_28)","line":202,"loc":{"start":{"line":202,"column":24},"end":{"line":202,"column":49}}},"29":{"name":"(anonymous_29)","line":215,"loc":{"start":{"line":215,"column":20},"end":{"line":215,"column":45}}},"30":{"name":"(anonymous_30)","line":219,"loc":{"start":{"line":219,"column":20},"end":{"line":219,"column":45}}},"31":{"name":"(anonymous_31)","line":230,"loc":{"start":{"line":230,"column":18},"end":{"line":230,"column":43}}},"32":{"name":"(anonymous_32)","line":245,"loc":{"start":{"line":245,"column":29},"end":{"line":245,"column":54}}},"33":{"name":"(anonymous_33)","line":255,"loc":{"start":{"line":255,"column":28},"end":{"line":255,"column":53}}},"34":{"name":"(anonymous_34)","line":266,"loc":{"start":{"line":266,"column":31},"end":{"line":266,"column":56}}}},"statementMap":{"1":{"start":{"line":3,"column":0},"end":{"line":3,"column":33}},"2":{"start":{"line":5,"column":0},"end":{"line":277,"column":1}},"3":{"start":{"line":7,"column":1},"end":{"line":7,"column":20}},"4":{"start":{"line":8,"column":1},"end":{"line":8,"column":30}},"5":{"start":{"line":14,"column":1},"end":{"line":16,"column":3}},"6":{"start":{"line":15,"column":2},"end":{"line":15,"column":18}},"7":{"start":{"line":18,"column":1},"end":{"line":20,"column":3}},"8":{"start":{"line":19,"column":2},"end":{"line":19,"column":21}},"9":{"start":{"line":22,"column":1},"end":{"line":24,"column":3}},"10":{"start":{"line":23,"column":2},"end":{"line":23,"column":24}},"11":{"start":{"line":29,"column":1},"end":{"line":33,"column":3}},"12":{"start":{"line":30,"column":2},"end":{"line":30,"column":207}},"13":{"start":{"line":30,"column":33},"end":{"line":30,"column":207}},"14":{"start":{"line":32,"column":2},"end":{"line":32,"column":79}},"15":{"start":{"line":34,"column":1},"end":{"line":38,"column":3}},"16":{"start":{"line":35,"column":2},"end":{"line":35,"column":207}},"17":{"start":{"line":35,"column":33},"end":{"line":35,"column":207}},"18":{"start":{"line":37,"column":2},"end":{"line":37,"column":80}},"19":{"start":{"line":43,"column":1},"end":{"line":49,"column":3}},"20":{"start":{"line":44,"column":2},"end":{"line":48,"column":3}},"21":{"start":{"line":45,"column":3},"end":{"line":45,"column":47}},"22":{"start":{"line":47,"column":3},"end":{"line":47,"column":50}},"23":{"start":{"line":51,"column":1},"end":{"line":53,"column":3}},"24":{"start":{"line":52,"column":2},"end":{"line":52,"column":37}},"25":{"start":{"line":55,"column":1},"end":{"line":57,"column":3}},"26":{"start":{"line":56,"column":2},"end":{"line":56,"column":45}},"27":{"start":{"line":63,"column":1},"end":{"line":65,"column":3}},"28":{"start":{"line":64,"column":2},"end":{"line":64,"column":51}},"29":{"start":{"line":67,"column":1},"end":{"line":69,"column":3}},"30":{"start":{"line":68,"column":2},"end":{"line":68,"column":49}},"31":{"start":{"line":71,"column":1},"end":{"line":73,"column":3}},"32":{"start":{"line":72,"column":2},"end":{"line":72,"column":48}},"33":{"start":{"line":75,"column":1},"end":{"line":77,"column":3}},"34":{"start":{"line":76,"column":2},"end":{"line":76,"column":48}},"35":{"start":{"line":83,"column":1},"end":{"line":85,"column":3}},"36":{"start":{"line":84,"column":2},"end":{"line":84,"column":42}},"37":{"start":{"line":87,"column":1},"end":{"line":96,"column":3}},"38":{"start":{"line":90,"column":2},"end":{"line":90,"column":58}},"39":{"start":{"line":90,"column":32},"end":{"line":90,"column":58}},"40":{"start":{"line":93,"column":2},"end":{"line":93,"column":92}},"41":{"start":{"line":93,"column":25},"end":{"line":93,"column":92}},"42":{"start":{"line":95,"column":2},"end":{"line":95,"column":60}},"43":{"start":{"line":98,"column":1},"end":{"line":104,"column":3}},"44":{"start":{"line":101,"column":2},"end":{"line":101,"column":92}},"45":{"start":{"line":101,"column":25},"end":{"line":101,"column":92}},"46":{"start":{"line":103,"column":2},"end":{"line":103,"column":59}},"47":{"start":{"line":106,"column":1},"end":{"line":112,"column":3}},"48":{"start":{"line":109,"column":2},"end":{"line":109,"column":92}},"49":{"start":{"line":109,"column":25},"end":{"line":109,"column":92}},"50":{"start":{"line":111,"column":2},"end":{"line":111,"column":79}},"51":{"start":{"line":114,"column":1},"end":{"line":121,"column":3}},"52":{"start":{"line":117,"column":2},"end":{"line":117,"column":92}},"53":{"start":{"line":117,"column":25},"end":{"line":117,"column":92}},"54":{"start":{"line":118,"column":2},"end":{"line":118,"column":102}},"55":{"start":{"line":118,"column":30},"end":{"line":118,"column":102}},"56":{"start":{"line":120,"column":2},"end":{"line":120,"column":102}},"57":{"start":{"line":123,"column":1},"end":{"line":130,"column":3}},"58":{"start":{"line":126,"column":2},"end":{"line":126,"column":92}},"59":{"start":{"line":126,"column":25},"end":{"line":126,"column":92}},"60":{"start":{"line":127,"column":2},"end":{"line":127,"column":102}},"61":{"start":{"line":127,"column":30},"end":{"line":127,"column":102}},"62":{"start":{"line":129,"column":2},"end":{"line":129,"column":102}},"63":{"start":{"line":132,"column":1},"end":{"line":139,"column":3}},"64":{"start":{"line":135,"column":2},"end":{"line":135,"column":92}},"65":{"start":{"line":135,"column":25},"end":{"line":135,"column":92}},"66":{"start":{"line":136,"column":2},"end":{"line":136,"column":103}},"67":{"start":{"line":136,"column":31},"end":{"line":136,"column":103}},"68":{"start":{"line":138,"column":2},"end":{"line":138,"column":105}},"69":{"start":{"line":145,"column":1},"end":{"line":151,"column":3}},"70":{"start":{"line":148,"column":2},"end":{"line":148,"column":92}},"71":{"start":{"line":148,"column":25},"end":{"line":148,"column":92}},"72":{"start":{"line":150,"column":2},"end":{"line":150,"column":94}},"73":{"start":{"line":152,"column":1},"end":{"line":159,"column":3}},"74":{"start":{"line":155,"column":2},"end":{"line":155,"column":92}},"75":{"start":{"line":155,"column":25},"end":{"line":155,"column":92}},"76":{"start":{"line":156,"column":2},"end":{"line":156,"column":84}},"77":{"start":{"line":156,"column":21},"end":{"line":156,"column":84}},"78":{"start":{"line":158,"column":2},"end":{"line":158,"column":108}},"79":{"start":{"line":161,"column":1},"end":{"line":167,"column":3}},"80":{"start":{"line":164,"column":2},"end":{"line":164,"column":92}},"81":{"start":{"line":164,"column":25},"end":{"line":164,"column":92}},"82":{"start":{"line":166,"column":2},"end":{"line":166,"column":91}},"83":{"start":{"line":168,"column":1},"end":{"line":175,"column":3}},"84":{"start":{"line":171,"column":2},"end":{"line":171,"column":93}},"85":{"start":{"line":171,"column":26},"end":{"line":171,"column":93}},"86":{"start":{"line":172,"column":2},"end":{"line":172,"column":84}},"87":{"start":{"line":172,"column":21},"end":{"line":172,"column":84}},"88":{"start":{"line":174,"column":2},"end":{"line":174,"column":105}},"89":{"start":{"line":177,"column":1},"end":{"line":183,"column":3}},"90":{"start":{"line":180,"column":2},"end":{"line":180,"column":92}},"91":{"start":{"line":180,"column":25},"end":{"line":180,"column":92}},"92":{"start":{"line":182,"column":2},"end":{"line":182,"column":92}},"93":{"start":{"line":184,"column":1},"end":{"line":191,"column":3}},"94":{"start":{"line":187,"column":2},"end":{"line":187,"column":92}},"95":{"start":{"line":187,"column":25},"end":{"line":187,"column":92}},"96":{"start":{"line":188,"column":2},"end":{"line":188,"column":84}},"97":{"start":{"line":188,"column":21},"end":{"line":188,"column":84}},"98":{"start":{"line":190,"column":2},"end":{"line":190,"column":106}},"99":{"start":{"line":193,"column":1},"end":{"line":200,"column":3}},"100":{"start":{"line":196,"column":2},"end":{"line":196,"column":92}},"101":{"start":{"line":196,"column":25},"end":{"line":196,"column":92}},"102":{"start":{"line":197,"column":2},"end":{"line":197,"column":84}},"103":{"start":{"line":197,"column":21},"end":{"line":197,"column":84}},"104":{"start":{"line":199,"column":2},"end":{"line":199,"column":96}},"105":{"start":{"line":202,"column":1},"end":{"line":209,"column":3}},"106":{"start":{"line":205,"column":2},"end":{"line":205,"column":92}},"107":{"start":{"line":205,"column":25},"end":{"line":205,"column":92}},"108":{"start":{"line":206,"column":2},"end":{"line":206,"column":84}},"109":{"start":{"line":206,"column":21},"end":{"line":206,"column":84}},"110":{"start":{"line":208,"column":2},"end":{"line":208,"column":99}},"111":{"start":{"line":215,"column":1},"end":{"line":217,"column":3}},"112":{"start":{"line":216,"column":2},"end":{"line":216,"column":48}},"113":{"start":{"line":219,"column":1},"end":{"line":228,"column":3}},"114":{"start":{"line":222,"column":2},"end":{"line":222,"column":61}},"115":{"start":{"line":222,"column":32},"end":{"line":222,"column":61}},"116":{"start":{"line":225,"column":2},"end":{"line":225,"column":98}},"117":{"start":{"line":225,"column":28},"end":{"line":225,"column":98}},"118":{"start":{"line":227,"column":2},"end":{"line":227,"column":48}},"119":{"start":{"line":230,"column":1},"end":{"line":239,"column":3}},"120":{"start":{"line":233,"column":2},"end":{"line":233,"column":61}},"121":{"start":{"line":233,"column":32},"end":{"line":233,"column":61}},"122":{"start":{"line":236,"column":2},"end":{"line":236,"column":98}},"123":{"start":{"line":236,"column":28},"end":{"line":236,"column":98}},"124":{"start":{"line":238,"column":2},"end":{"line":238,"column":46}},"125":{"start":{"line":245,"column":1},"end":{"line":253,"column":3}},"126":{"start":{"line":248,"column":2},"end":{"line":252,"column":3}},"127":{"start":{"line":249,"column":3},"end":{"line":249,"column":53}},"128":{"start":{"line":251,"column":3},"end":{"line":251,"column":53}},"129":{"start":{"line":255,"column":1},"end":{"line":264,"column":3}},"130":{"start":{"line":258,"column":2},"end":{"line":258,"column":61}},"131":{"start":{"line":258,"column":32},"end":{"line":258,"column":61}},"132":{"start":{"line":261,"column":2},"end":{"line":261,"column":98}},"133":{"start":{"line":261,"column":28},"end":{"line":261,"column":98}},"134":{"start":{"line":263,"column":2},"end":{"line":263,"column":66}},"135":{"start":{"line":266,"column":1},"end":{"line":272,"column":3}},"136":{"start":{"line":269,"column":2},"end":{"line":269,"column":116}},"137":{"start":{"line":269,"column":37},"end":{"line":269,"column":116}},"138":{"start":{"line":271,"column":2},"end":{"line":271,"column":75}},"139":{"start":{"line":276,"column":1},"end":{"line":276,"column":18}}},"branchMap":{"1":{"line":30,"type":"if","locations":[{"start":{"line":30,"column":2},"end":{"line":30,"column":2}},{"start":{"line":30,"column":2},"end":{"line":30,"column":2}}]},"2":{"line":35,"type":"if","locations":[{"start":{"line":35,"column":2},"end":{"line":35,"column":2}},{"start":{"line":35,"column":2},"end":{"line":35,"column":2}}]},"3":{"line":44,"type":"if","locations":[{"start":{"line":44,"column":2},"end":{"line":44,"column":2}},{"start":{"line":44,"column":2},"end":{"line":44,"column":2}}]},"4":{"line":90,"type":"if","locations":[{"start":{"line":90,"column":2},"end":{"line":90,"column":2}},{"start":{"line":90,"column":2},"end":{"line":90,"column":2}}]},"5":{"line":93,"type":"if","locations":[{"start":{"line":93,"column":2},"end":{"line":93,"column":2}},{"start":{"line":93,"column":2},"end":{"line":93,"column":2}}]},"6":{"line":101,"type":"if","locations":[{"start":{"line":101,"column":2},"end":{"line":101,"column":2}},{"start":{"line":101,"column":2},"end":{"line":101,"column":2}}]},"7":{"line":109,"type":"if","locations":[{"start":{"line":109,"column":2},"end":{"line":109,"column":2}},{"start":{"line":109,"column":2},"end":{"line":109,"column":2}}]},"8":{"line":117,"type":"if","locations":[{"start":{"line":117,"column":2},"end":{"line":117,"column":2}},{"start":{"line":117,"column":2},"end":{"line":117,"column":2}}]},"9":{"line":118,"type":"if","locations":[{"start":{"line":118,"column":2},"end":{"line":118,"column":2}},{"start":{"line":118,"column":2},"end":{"line":118,"column":2}}]},"10":{"line":126,"type":"if","locations":[{"start":{"line":126,"column":2},"end":{"line":126,"column":2}},{"start":{"line":126,"column":2},"end":{"line":126,"column":2}}]},"11":{"line":127,"type":"if","locations":[{"start":{"line":127,"column":2},"end":{"line":127,"column":2}},{"start":{"line":127,"column":2},"end":{"line":127,"column":2}}]},"12":{"line":135,"type":"if","locations":[{"start":{"line":135,"column":2},"end":{"line":135,"column":2}},{"start":{"line":135,"column":2},"end":{"line":135,"column":2}}]},"13":{"line":136,"type":"if","locations":[{"start":{"line":136,"column":2},"end":{"line":136,"column":2}},{"start":{"line":136,"column":2},"end":{"line":136,"column":2}}]},"14":{"line":148,"type":"if","locations":[{"start":{"line":148,"column":2},"end":{"line":148,"column":2}},{"start":{"line":148,"column":2},"end":{"line":148,"column":2}}]},"15":{"line":155,"type":"if","locations":[{"start":{"line":155,"column":2},"end":{"line":155,"column":2}},{"start":{"line":155,"column":2},"end":{"line":155,"column":2}}]},"16":{"line":156,"type":"if","locations":[{"start":{"line":156,"column":2},"end":{"line":156,"column":2}},{"start":{"line":156,"column":2},"end":{"line":156,"column":2}}]},"17":{"line":164,"type":"if","locations":[{"start":{"line":164,"column":2},"end":{"line":164,"column":2}},{"start":{"line":164,"column":2},"end":{"line":164,"column":2}}]},"18":{"line":171,"type":"if","locations":[{"start":{"line":171,"column":2},"end":{"line":171,"column":2}},{"start":{"line":171,"column":2},"end":{"line":171,"column":2}}]},"19":{"line":172,"type":"if","locations":[{"start":{"line":172,"column":2},"end":{"line":172,"column":2}},{"start":{"line":172,"column":2},"end":{"line":172,"column":2}}]},"20":{"line":180,"type":"if","locations":[{"start":{"line":180,"column":2},"end":{"line":180,"column":2}},{"start":{"line":180,"column":2},"end":{"line":180,"column":2}}]},"21":{"line":187,"type":"if","locations":[{"start":{"line":187,"column":2},"end":{"line":187,"column":2}},{"start":{"line":187,"column":2},"end":{"line":187,"column":2}}]},"22":{"line":188,"type":"if","locations":[{"start":{"line":188,"column":2},"end":{"line":188,"column":2}},{"start":{"line":188,"column":2},"end":{"line":188,"column":2}}]},"23":{"line":196,"type":"if","locations":[{"start":{"line":196,"column":2},"end":{"line":196,"column":2}},{"start":{"line":196,"column":2},"end":{"line":196,"column":2}}]},"24":{"line":197,"type":"if","locations":[{"start":{"line":197,"column":2},"end":{"line":197,"column":2}},{"start":{"line":197,"column":2},"end":{"line":197,"column":2}}]},"25":{"line":205,"type":"if","locations":[{"start":{"line":205,"column":2},"end":{"line":205,"column":2}},{"start":{"line":205,"column":2},"end":{"line":205,"column":2}}]},"26":{"line":206,"type":"if","locations":[{"start":{"line":206,"column":2},"end":{"line":206,"column":2}},{"start":{"line":206,"column":2},"end":{"line":206,"column":2}}]},"27":{"line":222,"type":"if","locations":[{"start":{"line":222,"column":2},"end":{"line":222,"column":2}},{"start":{"line":222,"column":2},"end":{"line":222,"column":2}}]},"28":{"line":225,"type":"if","locations":[{"start":{"line":225,"column":2},"end":{"line":225,"column":2}},{"start":{"line":225,"column":2},"end":{"line":225,"column":2}}]},"29":{"line":233,"type":"if","locations":[{"start":{"line":233,"column":2},"end":{"line":233,"column":2}},{"start":{"line":233,"column":2},"end":{"line":233,"column":2}}]},"30":{"line":236,"type":"if","locations":[{"start":{"line":236,"column":2},"end":{"line":236,"column":2}},{"start":{"line":236,"column":2},"end":{"line":236,"column":2}}]},"31":{"line":248,"type":"if","locations":[{"start":{"line":248,"column":2},"end":{"line":248,"column":2}},{"start":{"line":248,"column":2},"end":{"line":248,"column":2}}]},"32":{"line":258,"type":"if","locations":[{"start":{"line":258,"column":2},"end":{"line":258,"column":2}},{"start":{"line":258,"column":2},"end":{"line":258,"column":2}}]},"33":{"line":261,"type":"if","locations":[{"start":{"line":261,"column":2},"end":{"line":261,"column":2}},{"start":{"line":261,"column":2},"end":{"line":261,"column":2}}]},"34":{"line":269,"type":"if","locations":[{"start":{"line":269,"column":2},"end":{"line":269,"column":2}},{"start":{"line":269,"column":2},"end":{"line":269,"column":2}}]}}},"/Users/dan/repos/hoa/securenet-node/lib/util.js":{"path":"/Users/dan/repos/hoa/securenet-node/lib/util.js","s":{"1":1,"2":1,"3":5,"4":5,"5":5,"6":5,"7":1,"8":30,"9":0,"10":30,"11":0,"12":30,"13":143,"14":20,"15":123,"16":27,"17":27,"18":96,"19":3,"20":3,"21":3,"22":3,"23":1,"24":0,"25":0,"26":0,"27":0,"28":0,"29":0,"30":0,"31":0,"32":1,"33":0,"34":1,"35":3,"36":0,"37":3,"38":3,"39":0,"40":3,"41":0,"42":3,"43":3,"44":5,"45":5,"46":1,"47":5,"48":5,"49":5,"50":5,"51":3,"52":3,"53":3,"54":5,"55":3,"56":3,"57":3,"58":3,"59":3,"60":5,"61":0,"62":0,"63":0,"64":0,"65":0,"66":5,"67":0,"68":0,"69":0,"70":5,"71":0,"72":0,"73":0,"74":5,"75":0,"76":0,"77":0,"78":0,"79":0,"80":5},"b":{"1":[0,30],"2":[0,30],"3":[20,123],"4":[27,96],"5":[3,93],"6":[96,73,9,3],"7":[3,0],"8":[3,3],"9":[0,0],"10":[0,0],"11":[0,0],"12":[0,0],"13":[0,0],"14":[0,3],"15":[0,3],"16":[0,3],"17":[1,4],"18":[1,4],"19":[3,0],"20":[0,0],"21":[0,0]},"f":{"1":5,"2":30,"3":0,"4":0,"5":3,"6":0,"7":3,"8":5,"9":5,"10":3,"11":3,"12":0,"13":0,"14":0,"15":0},"fnMap":{"1":{"name":"(anonymous_1)","line":5,"loc":{"start":{"line":5,"column":17},"end":{"line":5,"column":35}}},"2":{"name":"jsonExpand","line":22,"loc":{"start":{"line":22,"column":1},"end":{"line":22,"column":27}}},"3":{"name":"deleteNullProperties","line":47,"loc":{"start":{"line":47,"column":1},"end":{"line":47,"column":37}}},"4":{"name":"createError","line":61,"loc":{"start":{"line":61,"column":1},"end":{"line":61,"column":28}}},"5":{"name":"wrapCallback","line":70,"loc":{"start":{"line":70,"column":1},"end":{"line":70,"column":37}}},"6":{"name":"(anonymous_6)","line":72,"loc":{"start":{"line":72,"column":28},"end":{"line":72,"column":38}}},"7":{"name":"(anonymous_7)","line":74,"loc":{"start":{"line":74,"column":9},"end":{"line":74,"column":45}}},"8":{"name":"(anonymous_8)","line":93,"loc":{"start":{"line":93,"column":12},"end":{"line":93,"column":25}}},"9":{"name":"(anonymous_9)","line":98,"loc":{"start":{"line":98,"column":15},"end":{"line":98,"column":25}}},"10":{"name":"(anonymous_10)","line":104,"loc":{"start":{"line":104,"column":20},"end":{"line":104,"column":30}}},"11":{"name":"(anonymous_11)","line":110,"loc":{"start":{"line":110,"column":12},"end":{"line":110,"column":47}}},"12":{"name":"(anonymous_12)","line":120,"loc":{"start":{"line":120,"column":11},"end":{"line":120,"column":46}}},"13":{"name":"(anonymous_13)","line":130,"loc":{"start":{"line":130,"column":14},"end":{"line":130,"column":49}}},"14":{"name":"(anonymous_14)","line":139,"loc":{"start":{"line":139,"column":11},"end":{"line":139,"column":46}}},"15":{"name":"(anonymous_15)","line":152,"loc":{"start":{"line":152,"column":45},"end":{"line":152,"column":79}}}},"statementMap":{"1":{"start":{"line":3,"column":0},"end":{"line":3,"column":33}},"2":{"start":{"line":5,"column":0},"end":{"line":170,"column":1}},"3":{"start":{"line":7,"column":1},"end":{"line":7,"column":34}},"4":{"start":{"line":12,"column":1},"end":{"line":12,"column":87}},"5":{"start":{"line":13,"column":1},"end":{"line":13,"column":21}},"6":{"start":{"line":14,"column":1},"end":{"line":14,"column":18}},"7":{"start":{"line":22,"column":1},"end":{"line":45,"column":2}},"8":{"start":{"line":23,"column":2},"end":{"line":25,"column":3}},"9":{"start":{"line":24,"column":3},"end":{"line":24,"column":10}},"10":{"start":{"line":26,"column":2},"end":{"line":28,"column":3}},"11":{"start":{"line":27,"column":3},"end":{"line":27,"column":10}},"12":{"start":{"line":29,"column":2},"end":{"line":44,"column":3}},"13":{"start":{"line":30,"column":3},"end":{"line":32,"column":4}},"14":{"start":{"line":31,"column":4},"end":{"line":31,"column":13}},"15":{"start":{"line":33,"column":3},"end":{"line":36,"column":4}},"16":{"start":{"line":34,"column":4},"end":{"line":34,"column":24}},"17":{"start":{"line":35,"column":4},"end":{"line":35,"column":13}},"18":{"start":{"line":37,"column":3},"end":{"line":43,"column":4}},"19":{"start":{"line":38,"column":4},"end":{"line":38,"column":47}},"20":{"start":{"line":39,"column":4},"end":{"line":39,"column":38}},"21":{"start":{"line":40,"column":4},"end":{"line":42,"column":5}},"22":{"start":{"line":41,"column":5},"end":{"line":41,"column":33}},"23":{"start":{"line":47,"column":1},"end":{"line":59,"column":2}},"24":{"start":{"line":48,"column":2},"end":{"line":50,"column":3}},"25":{"start":{"line":49,"column":3},"end":{"line":49,"column":15}},"26":{"start":{"line":51,"column":2},"end":{"line":57,"column":3}},"27":{"start":{"line":52,"column":3},"end":{"line":56,"column":4}},"28":{"start":{"line":53,"column":4},"end":{"line":53,"column":19}},"29":{"start":{"line":54,"column":10},"end":{"line":56,"column":4}},"30":{"start":{"line":55,"column":4},"end":{"line":55,"column":34}},"31":{"start":{"line":58,"column":2},"end":{"line":58,"column":14}},"32":{"start":{"line":61,"column":1},"end":{"line":68,"column":2}},"33":{"start":{"line":62,"column":2},"end":{"line":67,"column":4}},"34":{"start":{"line":70,"column":1},"end":{"line":87,"column":2}},"35":{"start":{"line":72,"column":2},"end":{"line":72,"column":40}},"36":{"start":{"line":72,"column":21},"end":{"line":72,"column":40}},"37":{"start":{"line":74,"column":2},"end":{"line":86,"column":4}},"38":{"start":{"line":75,"column":3},"end":{"line":80,"column":4}},"39":{"start":{"line":76,"column":4},"end":{"line":79,"column":8}},"40":{"start":{"line":81,"column":3},"end":{"line":83,"column":4}},"41":{"start":{"line":82,"column":4},"end":{"line":82,"column":31}},"42":{"start":{"line":84,"column":3},"end":{"line":84,"column":20}},"43":{"start":{"line":85,"column":3},"end":{"line":85,"column":35}},"44":{"start":{"line":93,"column":1},"end":{"line":96,"column":3}},"45":{"start":{"line":94,"column":2},"end":{"line":94,"column":22}},"46":{"start":{"line":94,"column":11},"end":{"line":94,"column":22}},"47":{"start":{"line":95,"column":2},"end":{"line":95,"column":14}},"48":{"start":{"line":98,"column":1},"end":{"line":102,"column":3}},"49":{"start":{"line":99,"column":2},"end":{"line":101,"column":45}},"50":{"start":{"line":104,"column":1},"end":{"line":108,"column":3}},"51":{"start":{"line":105,"column":2},"end":{"line":105,"column":28}},"52":{"start":{"line":106,"column":2},"end":{"line":106,"column":56}},"53":{"start":{"line":107,"column":2},"end":{"line":107,"column":13}},"54":{"start":{"line":110,"column":1},"end":{"line":118,"column":3}},"55":{"start":{"line":111,"column":2},"end":{"line":111,"column":45}},"56":{"start":{"line":112,"column":2},"end":{"line":115,"column":4}},"57":{"start":{"line":116,"column":2},"end":{"line":116,"column":94}},"58":{"start":{"line":116,"column":36},"end":{"line":116,"column":94}},"59":{"start":{"line":117,"column":2},"end":{"line":117,"column":51}},"60":{"start":{"line":120,"column":1},"end":{"line":128,"column":3}},"61":{"start":{"line":121,"column":2},"end":{"line":121,"column":45}},"62":{"start":{"line":122,"column":2},"end":{"line":125,"column":4}},"63":{"start":{"line":126,"column":2},"end":{"line":126,"column":94}},"64":{"start":{"line":126,"column":36},"end":{"line":126,"column":94}},"65":{"start":{"line":127,"column":2},"end":{"line":127,"column":51}},"66":{"start":{"line":130,"column":1},"end":{"line":137,"column":3}},"67":{"start":{"line":131,"column":2},"end":{"line":131,"column":45}},"68":{"start":{"line":132,"column":2},"end":{"line":135,"column":4}},"69":{"start":{"line":136,"column":2},"end":{"line":136,"column":51}},"70":{"start":{"line":139,"column":1},"end":{"line":147,"column":3}},"71":{"start":{"line":140,"column":2},"end":{"line":140,"column":45}},"72":{"start":{"line":141,"column":2},"end":{"line":145,"column":4}},"73":{"start":{"line":146,"column":2},"end":{"line":146,"column":51}},"74":{"start":{"line":152,"column":1},"end":{"line":163,"column":3}},"75":{"start":{"line":154,"column":2},"end":{"line":154,"column":39}},"76":{"start":{"line":155,"column":2},"end":{"line":160,"column":4}},"77":{"start":{"line":161,"column":2},"end":{"line":161,"column":94}},"78":{"start":{"line":161,"column":36},"end":{"line":161,"column":94}},"79":{"start":{"line":162,"column":2},"end":{"line":162,"column":51}},"80":{"start":{"line":169,"column":1},"end":{"line":169,"column":12}}},"branchMap":{"1":{"line":23,"type":"if","locations":[{"start":{"line":23,"column":2},"end":{"line":23,"column":2}},{"start":{"line":23,"column":2},"end":{"line":23,"column":2}}]},"2":{"line":26,"type":"if","locations":[{"start":{"line":26,"column":2},"end":{"line":26,"column":2}},{"start":{"line":26,"column":2},"end":{"line":26,"column":2}}]},"3":{"line":30,"type":"if","locations":[{"start":{"line":30,"column":3},"end":{"line":30,"column":3}},{"start":{"line":30,"column":3},"end":{"line":30,"column":3}}]},"4":{"line":33,"type":"if","locations":[{"start":{"line":33,"column":3},"end":{"line":33,"column":3}},{"start":{"line":33,"column":3},"end":{"line":33,"column":3}}]},"5":{"line":37,"type":"if","locations":[{"start":{"line":37,"column":3},"end":{"line":37,"column":3}},{"start":{"line":37,"column":3},"end":{"line":37,"column":3}}]},"6":{"line":37,"type":"binary-expr","locations":[{"start":{"line":37,"column":7},"end":{"line":37,"column":34}},{"start":{"line":37,"column":38},"end":{"line":37,"column":51}},{"start":{"line":37,"column":56},"end":{"line":37,"column":76}},{"start":{"line":37,"column":80},"end":{"line":37,"column":100}}]},"7":{"line":40,"type":"if","locations":[{"start":{"line":40,"column":4},"end":{"line":40,"column":4}},{"start":{"line":40,"column":4},"end":{"line":40,"column":4}}]},"8":{"line":40,"type":"binary-expr","locations":[{"start":{"line":40,"column":8},"end":{"line":40,"column":15}},{"start":{"line":40,"column":19},"end":{"line":40,"column":35}}]},"9":{"line":48,"type":"if","locations":[{"start":{"line":48,"column":2},"end":{"line":48,"column":2}},{"start":{"line":48,"column":2},"end":{"line":48,"column":2}}]},"10":{"line":52,"type":"if","locations":[{"start":{"line":52,"column":3},"end":{"line":52,"column":3}},{"start":{"line":52,"column":3},"end":{"line":52,"column":3}}]},"11":{"line":54,"type":"if","locations":[{"start":{"line":54,"column":10},"end":{"line":54,"column":10}},{"start":{"line":54,"column":10},"end":{"line":54,"column":10}}]},"12":{"line":64,"type":"binary-expr","locations":[{"start":{"line":64,"column":17},"end":{"line":64,"column":28}},{"start":{"line":64,"column":32},"end":{"line":64,"column":53}}]},"13":{"line":65,"type":"binary-expr","locations":[{"start":{"line":65,"column":17},"end":{"line":65,"column":29}},{"start":{"line":65,"column":33},"end":{"line":65,"column":64}}]},"14":{"line":72,"type":"if","locations":[{"start":{"line":72,"column":2},"end":{"line":72,"column":2}},{"start":{"line":72,"column":2},"end":{"line":72,"column":2}}]},"15":{"line":75,"type":"if","locations":[{"start":{"line":75,"column":3},"end":{"line":75,"column":3}},{"start":{"line":75,"column":3},"end":{"line":75,"column":3}}]},"16":{"line":81,"type":"if","locations":[{"start":{"line":81,"column":3},"end":{"line":81,"column":3}},{"start":{"line":81,"column":3},"end":{"line":81,"column":3}}]},"17":{"line":94,"type":"if","locations":[{"start":{"line":94,"column":2},"end":{"line":94,"column":2}},{"start":{"line":94,"column":2},"end":{"line":94,"column":2}}]},"18":{"line":99,"type":"cond-expr","locations":[{"start":{"line":100,"column":5},"end":{"line":100,"column":39}},{"start":{"line":101,"column":5},"end":{"line":101,"column":44}}]},"19":{"line":116,"type":"if","locations":[{"start":{"line":116,"column":2},"end":{"line":116,"column":2}},{"start":{"line":116,"column":2},"end":{"line":116,"column":2}}]},"20":{"line":126,"type":"if","locations":[{"start":{"line":126,"column":2},"end":{"line":126,"column":2}},{"start":{"line":126,"column":2},"end":{"line":126,"column":2}}]},"21":{"line":161,"type":"if","locations":[{"start":{"line":161,"column":2},"end":{"line":161,"column":2}},{"start":{"line":161,"column":2},"end":{"line":161,"column":2}}]}}}}