{"/Users/dan/repos/hoa/securenet-node/index.js":{"path":"/Users/dan/repos/hoa/securenet-node/index.js","s":{"1":1,"2":25,"3":25,"4":25,"5":25,"6":25,"7":25,"8":0,"9":0,"10":0,"11":25,"12":0,"13":25,"14":0,"15":25,"16":2,"17":25,"18":0,"19":25,"20":2,"21":25,"22":1,"23":25,"24":3,"25":25,"26":1,"27":1,"28":1,"29":0,"30":1,"31":25,"32":1,"33":0,"34":1,"35":25,"36":3,"37":0,"38":3,"39":25,"40":1,"41":0,"42":1,"43":0,"44":1,"45":25,"46":1,"47":0,"48":1,"49":0,"50":1,"51":25,"52":1,"53":0,"54":1,"55":0,"56":1,"57":25,"58":0,"59":0,"60":0,"61":25,"62":0,"63":0,"64":0,"65":0,"66":0,"67":25,"68":0,"69":0,"70":0,"71":25,"72":0,"73":0,"74":0,"75":0,"76":0,"77":25,"78":1,"79":0,"80":1,"81":25,"82":1,"83":0,"84":1,"85":0,"86":1,"87":25,"88":1,"89":0,"90":1,"91":0,"92":1,"93":25,"94":0,"95":0,"96":0,"97":0,"98":0,"99":25,"100":0,"101":25,"102":0,"103":0,"104":0,"105":0,"106":0,"107":25,"108":0,"109":0,"110":0,"111":0,"112":0,"113":25,"114":0,"115":0,"116":0,"117":25,"118":0,"119":0,"120":0,"121":0,"122":0,"123":25,"124":0,"125":0,"126":0,"127":25},"b":{"1":[0,0],"2":[1,0],"3":[0,1],"4":[0,1],"5":[0,3],"6":[0,1],"7":[0,1],"8":[0,1],"9":[0,1],"10":[0,1],"11":[0,1],"12":[0,0],"13":[0,0],"14":[0,0],"15":[0,0],"16":[0,0],"17":[0,0],"18":[0,1],"19":[0,1],"20":[0,1],"21":[0,1],"22":[0,1],"23":[0,0],"24":[0,0],"25":[0,0],"26":[0,0],"27":[0,0],"28":[0,0],"29":[0,0],"30":[0,0],"31":[0,0],"32":[0,0]},"f":{"1":25,"2":0,"3":0,"4":0,"5":2,"6":0,"7":2,"8":1,"9":3,"10":1,"11":1,"12":3,"13":1,"14":1,"15":1,"16":0,"17":0,"18":0,"19":0,"20":1,"21":1,"22":1,"23":0,"24":0,"25":0,"26":0,"27":0,"28":0,"29":0},"fnMap":{"1":{"name":"(anonymous_1)","line":3,"loc":{"start":{"line":3,"column":17},"end":{"line":3,"column":35}}},"2":{"name":"(anonymous_2)","line":23,"loc":{"start":{"line":23,"column":22},"end":{"line":23,"column":50}}},"3":{"name":"(anonymous_3)","line":30,"loc":{"start":{"line":30,"column":29},"end":{"line":30,"column":48}}},"4":{"name":"(anonymous_4)","line":34,"loc":{"start":{"line":34,"column":24},"end":{"line":34,"column":43}}},"5":{"name":"(anonymous_5)","line":42,"loc":{"start":{"line":42,"column":23},"end":{"line":42,"column":48}}},"6":{"name":"(anonymous_6)","line":46,"loc":{"start":{"line":46,"column":21},"end":{"line":46,"column":46}}},"7":{"name":"(anonymous_7)","line":50,"loc":{"start":{"line":50,"column":20},"end":{"line":50,"column":45}}},"8":{"name":"(anonymous_8)","line":54,"loc":{"start":{"line":54,"column":20},"end":{"line":54,"column":45}}},"9":{"name":"(anonymous_9)","line":62,"loc":{"start":{"line":62,"column":28},"end":{"line":62,"column":53}}},"10":{"name":"(anonymous_10)","line":66,"loc":{"start":{"line":66,"column":25},"end":{"line":66,"column":50}}},"11":{"name":"(anonymous_11)","line":77,"loc":{"start":{"line":77,"column":28},"end":{"line":77,"column":53}}},"12":{"name":"(anonymous_12)","line":85,"loc":{"start":{"line":85,"column":41},"end":{"line":85,"column":66}}},"13":{"name":"(anonymous_13)","line":93,"loc":{"start":{"line":93,"column":38},"end":{"line":93,"column":63}}},"14":{"name":"(anonymous_14)","line":102,"loc":{"start":{"line":102,"column":41},"end":{"line":102,"column":66}}},"15":{"name":"(anonymous_15)","line":111,"loc":{"start":{"line":111,"column":41},"end":{"line":111,"column":66}}},"16":{"name":"(anonymous_16)","line":124,"loc":{"start":{"line":124,"column":35},"end":{"line":124,"column":60}}},"17":{"name":"(anonymous_17)","line":131,"loc":{"start":{"line":131,"column":35},"end":{"line":131,"column":60}}},"18":{"name":"(anonymous_18)","line":140,"loc":{"start":{"line":140,"column":32},"end":{"line":140,"column":57}}},"19":{"name":"(anonymous_19)","line":147,"loc":{"start":{"line":147,"column":32},"end":{"line":147,"column":57}}},"20":{"name":"(anonymous_20)","line":156,"loc":{"start":{"line":156,"column":33},"end":{"line":156,"column":58}}},"21":{"name":"(anonymous_21)","line":163,"loc":{"start":{"line":163,"column":33},"end":{"line":163,"column":58}}},"22":{"name":"(anonymous_22)","line":172,"loc":{"start":{"line":172,"column":21},"end":{"line":172,"column":46}}},"23":{"name":"(anonymous_23)","line":181,"loc":{"start":{"line":181,"column":24},"end":{"line":181,"column":49}}},"24":{"name":"(anonymous_24)","line":194,"loc":{"start":{"line":194,"column":20},"end":{"line":194,"column":45}}},"25":{"name":"(anonymous_25)","line":202,"loc":{"start":{"line":202,"column":20},"end":{"line":202,"column":45}}},"26":{"name":"(anonymous_26)","line":213,"loc":{"start":{"line":213,"column":18},"end":{"line":213,"column":43}}},"27":{"name":"(anonymous_27)","line":228,"loc":{"start":{"line":228,"column":29},"end":{"line":228,"column":54}}},"28":{"name":"(anonymous_28)","line":238,"loc":{"start":{"line":238,"column":28},"end":{"line":238,"column":53}}},"29":{"name":"(anonymous_29)","line":249,"loc":{"start":{"line":249,"column":31},"end":{"line":249,"column":56}}}},"statementMap":{"1":{"start":{"line":3,"column":0},"end":{"line":260,"column":1}},"2":{"start":{"line":6,"column":1},"end":{"line":6,"column":20}},"3":{"start":{"line":7,"column":1},"end":{"line":7,"column":48}},"4":{"start":{"line":10,"column":1},"end":{"line":10,"column":31}},"5":{"start":{"line":11,"column":1},"end":{"line":11,"column":57}},"6":{"start":{"line":12,"column":1},"end":{"line":12,"column":59}},"7":{"start":{"line":23,"column":1},"end":{"line":28,"column":3}},"8":{"start":{"line":24,"column":2},"end":{"line":26,"column":3}},"9":{"start":{"line":25,"column":3},"end":{"line":25,"column":47}},"10":{"start":{"line":27,"column":2},"end":{"line":27,"column":49}},"11":{"start":{"line":30,"column":1},"end":{"line":32,"column":3}},"12":{"start":{"line":31,"column":2},"end":{"line":31,"column":37}},"13":{"start":{"line":34,"column":1},"end":{"line":36,"column":3}},"14":{"start":{"line":35,"column":2},"end":{"line":35,"column":45}},"15":{"start":{"line":42,"column":1},"end":{"line":44,"column":3}},"16":{"start":{"line":43,"column":2},"end":{"line":43,"column":51}},"17":{"start":{"line":46,"column":1},"end":{"line":48,"column":3}},"18":{"start":{"line":47,"column":2},"end":{"line":47,"column":49}},"19":{"start":{"line":50,"column":1},"end":{"line":52,"column":3}},"20":{"start":{"line":51,"column":2},"end":{"line":51,"column":48}},"21":{"start":{"line":54,"column":1},"end":{"line":56,"column":3}},"22":{"start":{"line":55,"column":2},"end":{"line":55,"column":48}},"23":{"start":{"line":62,"column":1},"end":{"line":64,"column":3}},"24":{"start":{"line":63,"column":2},"end":{"line":63,"column":42}},"25":{"start":{"line":66,"column":1},"end":{"line":75,"column":3}},"26":{"start":{"line":69,"column":2},"end":{"line":69,"column":58}},"27":{"start":{"line":69,"column":32},"end":{"line":69,"column":58}},"28":{"start":{"line":72,"column":2},"end":{"line":72,"column":92}},"29":{"start":{"line":72,"column":25},"end":{"line":72,"column":92}},"30":{"start":{"line":74,"column":2},"end":{"line":74,"column":60}},"31":{"start":{"line":77,"column":1},"end":{"line":83,"column":3}},"32":{"start":{"line":80,"column":2},"end":{"line":80,"column":92}},"33":{"start":{"line":80,"column":25},"end":{"line":80,"column":92}},"34":{"start":{"line":82,"column":2},"end":{"line":82,"column":59}},"35":{"start":{"line":85,"column":1},"end":{"line":91,"column":3}},"36":{"start":{"line":88,"column":2},"end":{"line":88,"column":92}},"37":{"start":{"line":88,"column":25},"end":{"line":88,"column":92}},"38":{"start":{"line":90,"column":2},"end":{"line":90,"column":79}},"39":{"start":{"line":93,"column":1},"end":{"line":100,"column":3}},"40":{"start":{"line":96,"column":2},"end":{"line":96,"column":92}},"41":{"start":{"line":96,"column":25},"end":{"line":96,"column":92}},"42":{"start":{"line":97,"column":2},"end":{"line":97,"column":102}},"43":{"start":{"line":97,"column":30},"end":{"line":97,"column":102}},"44":{"start":{"line":99,"column":2},"end":{"line":99,"column":102}},"45":{"start":{"line":102,"column":1},"end":{"line":109,"column":3}},"46":{"start":{"line":105,"column":2},"end":{"line":105,"column":92}},"47":{"start":{"line":105,"column":25},"end":{"line":105,"column":92}},"48":{"start":{"line":106,"column":2},"end":{"line":106,"column":102}},"49":{"start":{"line":106,"column":30},"end":{"line":106,"column":102}},"50":{"start":{"line":108,"column":2},"end":{"line":108,"column":102}},"51":{"start":{"line":111,"column":1},"end":{"line":118,"column":3}},"52":{"start":{"line":114,"column":2},"end":{"line":114,"column":92}},"53":{"start":{"line":114,"column":25},"end":{"line":114,"column":92}},"54":{"start":{"line":115,"column":2},"end":{"line":115,"column":103}},"55":{"start":{"line":115,"column":31},"end":{"line":115,"column":103}},"56":{"start":{"line":117,"column":2},"end":{"line":117,"column":105}},"57":{"start":{"line":124,"column":1},"end":{"line":130,"column":3}},"58":{"start":{"line":127,"column":2},"end":{"line":127,"column":92}},"59":{"start":{"line":127,"column":25},"end":{"line":127,"column":92}},"60":{"start":{"line":129,"column":2},"end":{"line":129,"column":94}},"61":{"start":{"line":131,"column":1},"end":{"line":138,"column":3}},"62":{"start":{"line":134,"column":2},"end":{"line":134,"column":92}},"63":{"start":{"line":134,"column":25},"end":{"line":134,"column":92}},"64":{"start":{"line":135,"column":2},"end":{"line":135,"column":84}},"65":{"start":{"line":135,"column":21},"end":{"line":135,"column":84}},"66":{"start":{"line":137,"column":2},"end":{"line":137,"column":108}},"67":{"start":{"line":140,"column":1},"end":{"line":146,"column":3}},"68":{"start":{"line":143,"column":2},"end":{"line":143,"column":92}},"69":{"start":{"line":143,"column":25},"end":{"line":143,"column":92}},"70":{"start":{"line":145,"column":2},"end":{"line":145,"column":91}},"71":{"start":{"line":147,"column":1},"end":{"line":154,"column":3}},"72":{"start":{"line":150,"column":2},"end":{"line":150,"column":93}},"73":{"start":{"line":150,"column":26},"end":{"line":150,"column":93}},"74":{"start":{"line":151,"column":2},"end":{"line":151,"column":84}},"75":{"start":{"line":151,"column":21},"end":{"line":151,"column":84}},"76":{"start":{"line":153,"column":2},"end":{"line":153,"column":105}},"77":{"start":{"line":156,"column":1},"end":{"line":162,"column":3}},"78":{"start":{"line":159,"column":2},"end":{"line":159,"column":92}},"79":{"start":{"line":159,"column":25},"end":{"line":159,"column":92}},"80":{"start":{"line":161,"column":2},"end":{"line":161,"column":92}},"81":{"start":{"line":163,"column":1},"end":{"line":170,"column":3}},"82":{"start":{"line":166,"column":2},"end":{"line":166,"column":92}},"83":{"start":{"line":166,"column":25},"end":{"line":166,"column":92}},"84":{"start":{"line":167,"column":2},"end":{"line":167,"column":84}},"85":{"start":{"line":167,"column":21},"end":{"line":167,"column":84}},"86":{"start":{"line":169,"column":2},"end":{"line":169,"column":106}},"87":{"start":{"line":172,"column":1},"end":{"line":179,"column":3}},"88":{"start":{"line":175,"column":2},"end":{"line":175,"column":92}},"89":{"start":{"line":175,"column":25},"end":{"line":175,"column":92}},"90":{"start":{"line":176,"column":2},"end":{"line":176,"column":84}},"91":{"start":{"line":176,"column":21},"end":{"line":176,"column":84}},"92":{"start":{"line":178,"column":2},"end":{"line":178,"column":96}},"93":{"start":{"line":181,"column":1},"end":{"line":188,"column":3}},"94":{"start":{"line":184,"column":2},"end":{"line":184,"column":92}},"95":{"start":{"line":184,"column":25},"end":{"line":184,"column":92}},"96":{"start":{"line":185,"column":2},"end":{"line":185,"column":84}},"97":{"start":{"line":185,"column":21},"end":{"line":185,"column":84}},"98":{"start":{"line":187,"column":2},"end":{"line":187,"column":99}},"99":{"start":{"line":194,"column":1},"end":{"line":196,"column":3}},"100":{"start":{"line":195,"column":2},"end":{"line":195,"column":48}},"101":{"start":{"line":202,"column":1},"end":{"line":211,"column":3}},"102":{"start":{"line":205,"column":2},"end":{"line":205,"column":61}},"103":{"start":{"line":205,"column":32},"end":{"line":205,"column":61}},"104":{"start":{"line":208,"column":2},"end":{"line":208,"column":98}},"105":{"start":{"line":208,"column":28},"end":{"line":208,"column":98}},"106":{"start":{"line":210,"column":2},"end":{"line":210,"column":48}},"107":{"start":{"line":213,"column":1},"end":{"line":222,"column":3}},"108":{"start":{"line":216,"column":2},"end":{"line":216,"column":61}},"109":{"start":{"line":216,"column":32},"end":{"line":216,"column":61}},"110":{"start":{"line":219,"column":2},"end":{"line":219,"column":98}},"111":{"start":{"line":219,"column":28},"end":{"line":219,"column":98}},"112":{"start":{"line":221,"column":2},"end":{"line":221,"column":46}},"113":{"start":{"line":228,"column":1},"end":{"line":236,"column":3}},"114":{"start":{"line":231,"column":2},"end":{"line":235,"column":3}},"115":{"start":{"line":232,"column":3},"end":{"line":232,"column":53}},"116":{"start":{"line":234,"column":3},"end":{"line":234,"column":53}},"117":{"start":{"line":238,"column":1},"end":{"line":247,"column":3}},"118":{"start":{"line":241,"column":2},"end":{"line":241,"column":61}},"119":{"start":{"line":241,"column":32},"end":{"line":241,"column":61}},"120":{"start":{"line":244,"column":2},"end":{"line":244,"column":98}},"121":{"start":{"line":244,"column":28},"end":{"line":244,"column":98}},"122":{"start":{"line":246,"column":2},"end":{"line":246,"column":66}},"123":{"start":{"line":249,"column":1},"end":{"line":255,"column":3}},"124":{"start":{"line":252,"column":2},"end":{"line":252,"column":116}},"125":{"start":{"line":252,"column":37},"end":{"line":252,"column":116}},"126":{"start":{"line":254,"column":2},"end":{"line":254,"column":75}},"127":{"start":{"line":259,"column":1},"end":{"line":259,"column":18}}},"branchMap":{"1":{"line":24,"type":"if","locations":[{"start":{"line":24,"column":2},"end":{"line":24,"column":2}},{"start":{"line":24,"column":2},"end":{"line":24,"column":2}}]},"2":{"line":69,"type":"if","locations":[{"start":{"line":69,"column":2},"end":{"line":69,"column":2}},{"start":{"line":69,"column":2},"end":{"line":69,"column":2}}]},"3":{"line":72,"type":"if","locations":[{"start":{"line":72,"column":2},"end":{"line":72,"column":2}},{"start":{"line":72,"column":2},"end":{"line":72,"column":2}}]},"4":{"line":80,"type":"if","locations":[{"start":{"line":80,"column":2},"end":{"line":80,"column":2}},{"start":{"line":80,"column":2},"end":{"line":80,"column":2}}]},"5":{"line":88,"type":"if","locations":[{"start":{"line":88,"column":2},"end":{"line":88,"column":2}},{"start":{"line":88,"column":2},"end":{"line":88,"column":2}}]},"6":{"line":96,"type":"if","locations":[{"start":{"line":96,"column":2},"end":{"line":96,"column":2}},{"start":{"line":96,"column":2},"end":{"line":96,"column":2}}]},"7":{"line":97,"type":"if","locations":[{"start":{"line":97,"column":2},"end":{"line":97,"column":2}},{"start":{"line":97,"column":2},"end":{"line":97,"column":2}}]},"8":{"line":105,"type":"if","locations":[{"start":{"line":105,"column":2},"end":{"line":105,"column":2}},{"start":{"line":105,"column":2},"end":{"line":105,"column":2}}]},"9":{"line":106,"type":"if","locations":[{"start":{"line":106,"column":2},"end":{"line":106,"column":2}},{"start":{"line":106,"column":2},"end":{"line":106,"column":2}}]},"10":{"line":114,"type":"if","locations":[{"start":{"line":114,"column":2},"end":{"line":114,"column":2}},{"start":{"line":114,"column":2},"end":{"line":114,"column":2}}]},"11":{"line":115,"type":"if","locations":[{"start":{"line":115,"column":2},"end":{"line":115,"column":2}},{"start":{"line":115,"column":2},"end":{"line":115,"column":2}}]},"12":{"line":127,"type":"if","locations":[{"start":{"line":127,"column":2},"end":{"line":127,"column":2}},{"start":{"line":127,"column":2},"end":{"line":127,"column":2}}]},"13":{"line":134,"type":"if","locations":[{"start":{"line":134,"column":2},"end":{"line":134,"column":2}},{"start":{"line":134,"column":2},"end":{"line":134,"column":2}}]},"14":{"line":135,"type":"if","locations":[{"start":{"line":135,"column":2},"end":{"line":135,"column":2}},{"start":{"line":135,"column":2},"end":{"line":135,"column":2}}]},"15":{"line":143,"type":"if","locations":[{"start":{"line":143,"column":2},"end":{"line":143,"column":2}},{"start":{"line":143,"column":2},"end":{"line":143,"column":2}}]},"16":{"line":150,"type":"if","locations":[{"start":{"line":150,"column":2},"end":{"line":150,"column":2}},{"start":{"line":150,"column":2},"end":{"line":150,"column":2}}]},"17":{"line":151,"type":"if","locations":[{"start":{"line":151,"column":2},"end":{"line":151,"column":2}},{"start":{"line":151,"column":2},"end":{"line":151,"column":2}}]},"18":{"line":159,"type":"if","locations":[{"start":{"line":159,"column":2},"end":{"line":159,"column":2}},{"start":{"line":159,"column":2},"end":{"line":159,"column":2}}]},"19":{"line":166,"type":"if","locations":[{"start":{"line":166,"column":2},"end":{"line":166,"column":2}},{"start":{"line":166,"column":2},"end":{"line":166,"column":2}}]},"20":{"line":167,"type":"if","locations":[{"start":{"line":167,"column":2},"end":{"line":167,"column":2}},{"start":{"line":167,"column":2},"end":{"line":167,"column":2}}]},"21":{"line":175,"type":"if","locations":[{"start":{"line":175,"column":2},"end":{"line":175,"column":2}},{"start":{"line":175,"column":2},"end":{"line":175,"column":2}}]},"22":{"line":176,"type":"if","locations":[{"start":{"line":176,"column":2},"end":{"line":176,"column":2}},{"start":{"line":176,"column":2},"end":{"line":176,"column":2}}]},"23":{"line":184,"type":"if","locations":[{"start":{"line":184,"column":2},"end":{"line":184,"column":2}},{"start":{"line":184,"column":2},"end":{"line":184,"column":2}}]},"24":{"line":185,"type":"if","locations":[{"start":{"line":185,"column":2},"end":{"line":185,"column":2}},{"start":{"line":185,"column":2},"end":{"line":185,"column":2}}]},"25":{"line":205,"type":"if","locations":[{"start":{"line":205,"column":2},"end":{"line":205,"column":2}},{"start":{"line":205,"column":2},"end":{"line":205,"column":2}}]},"26":{"line":208,"type":"if","locations":[{"start":{"line":208,"column":2},"end":{"line":208,"column":2}},{"start":{"line":208,"column":2},"end":{"line":208,"column":2}}]},"27":{"line":216,"type":"if","locations":[{"start":{"line":216,"column":2},"end":{"line":216,"column":2}},{"start":{"line":216,"column":2},"end":{"line":216,"column":2}}]},"28":{"line":219,"type":"if","locations":[{"start":{"line":219,"column":2},"end":{"line":219,"column":2}},{"start":{"line":219,"column":2},"end":{"line":219,"column":2}}]},"29":{"line":231,"type":"if","locations":[{"start":{"line":231,"column":2},"end":{"line":231,"column":2}},{"start":{"line":231,"column":2},"end":{"line":231,"column":2}}]},"30":{"line":241,"type":"if","locations":[{"start":{"line":241,"column":2},"end":{"line":241,"column":2}},{"start":{"line":241,"column":2},"end":{"line":241,"column":2}}]},"31":{"line":244,"type":"if","locations":[{"start":{"line":244,"column":2},"end":{"line":244,"column":2}},{"start":{"line":244,"column":2},"end":{"line":244,"column":2}}]},"32":{"line":252,"type":"if","locations":[{"start":{"line":252,"column":2},"end":{"line":252,"column":2}},{"start":{"line":252,"column":2},"end":{"line":252,"column":2}}]}}},"/Users/dan/repos/hoa/securenet-node/lib/util.js":{"path":"/Users/dan/repos/hoa/securenet-node/lib/util.js","s":{"1":1,"2":1,"3":1,"4":25,"5":25,"6":25,"7":25,"8":1,"9":155,"10":0,"11":155,"12":0,"13":155,"14":970,"15":174,"16":796,"17":136,"18":136,"19":660,"20":24,"21":24,"22":24,"23":24,"24":1,"25":0,"26":0,"27":0,"28":0,"29":0,"30":0,"31":0,"32":0,"33":1,"34":0,"35":1,"36":19,"37":0,"38":19,"39":19,"40":0,"41":19,"42":0,"43":19,"44":19,"45":1,"46":12,"47":12,"48":12,"49":10,"50":12,"51":1,"52":3,"53":3,"54":3,"55":2,"56":3,"57":1,"58":1,"59":1,"60":1,"61":1,"62":3,"63":3,"64":3,"65":1,"66":0},"b":{"1":[1,24],"2":[0,155],"3":[0,155],"4":[174,796],"5":[136,660],"6":[24,636],"7":[660,505,58,24],"8":[24,0],"9":[24,24],"10":[0,0],"11":[0,0],"12":[0,0],"13":[0,0],"14":[0,0],"15":[0,19],"16":[0,19],"17":[0,19],"18":[10,2],"19":[2,1]},"f":{"1":25,"2":155,"3":0,"4":0,"5":19,"6":0,"7":19,"8":12,"9":3,"10":1,"11":3,"12":0},"fnMap":{"1":{"name":"(anonymous_1)","line":6,"loc":{"start":{"line":6,"column":15},"end":{"line":6,"column":29}}},"2":{"name":"jsonExpand","line":21,"loc":{"start":{"line":21,"column":0},"end":{"line":21,"column":26}}},"3":{"name":"deleteNullProperties","line":46,"loc":{"start":{"line":46,"column":0},"end":{"line":46,"column":36}}},"4":{"name":"createError","line":60,"loc":{"start":{"line":60,"column":0},"end":{"line":60,"column":27}}},"5":{"name":"wrapCallback","line":69,"loc":{"start":{"line":69,"column":0},"end":{"line":69,"column":36}}},"6":{"name":"(anonymous_6)","line":71,"loc":{"start":{"line":71,"column":27},"end":{"line":71,"column":37}}},"7":{"name":"(anonymous_7)","line":73,"loc":{"start":{"line":73,"column":8},"end":{"line":73,"column":44}}},"8":{"name":"(anonymous_8)","line":88,"loc":{"start":{"line":88,"column":15},"end":{"line":88,"column":50}}},"9":{"name":"(anonymous_9)","line":98,"loc":{"start":{"line":98,"column":14},"end":{"line":98,"column":49}}},"10":{"name":"(anonymous_10)","line":108,"loc":{"start":{"line":108,"column":17},"end":{"line":108,"column":52}}},"11":{"name":"(anonymous_11)","line":117,"loc":{"start":{"line":117,"column":14},"end":{"line":117,"column":49}}},"12":{"name":"(anonymous_12)","line":127,"loc":{"start":{"line":127,"column":16},"end":{"line":127,"column":37}}}},"statementMap":{"1":{"start":{"line":3,"column":0},"end":{"line":3,"column":33}},"2":{"start":{"line":4,"column":0},"end":{"line":4,"column":20}},"3":{"start":{"line":6,"column":0},"end":{"line":18,"column":2}},"4":{"start":{"line":10,"column":1},"end":{"line":10,"column":83}},"5":{"start":{"line":12,"column":1},"end":{"line":14,"column":56}},"6":{"start":{"line":16,"column":1},"end":{"line":16,"column":14}},"7":{"start":{"line":17,"column":1},"end":{"line":17,"column":16}},"8":{"start":{"line":21,"column":0},"end":{"line":44,"column":1}},"9":{"start":{"line":22,"column":1},"end":{"line":24,"column":2}},"10":{"start":{"line":23,"column":2},"end":{"line":23,"column":9}},"11":{"start":{"line":25,"column":1},"end":{"line":27,"column":2}},"12":{"start":{"line":26,"column":2},"end":{"line":26,"column":9}},"13":{"start":{"line":28,"column":1},"end":{"line":43,"column":2}},"14":{"start":{"line":29,"column":2},"end":{"line":31,"column":3}},"15":{"start":{"line":30,"column":3},"end":{"line":30,"column":12}},"16":{"start":{"line":32,"column":2},"end":{"line":35,"column":3}},"17":{"start":{"line":33,"column":3},"end":{"line":33,"column":23}},"18":{"start":{"line":34,"column":3},"end":{"line":34,"column":12}},"19":{"start":{"line":36,"column":2},"end":{"line":42,"column":3}},"20":{"start":{"line":37,"column":3},"end":{"line":37,"column":46}},"21":{"start":{"line":38,"column":3},"end":{"line":38,"column":37}},"22":{"start":{"line":39,"column":3},"end":{"line":41,"column":4}},"23":{"start":{"line":40,"column":4},"end":{"line":40,"column":32}},"24":{"start":{"line":46,"column":0},"end":{"line":58,"column":1}},"25":{"start":{"line":47,"column":1},"end":{"line":49,"column":2}},"26":{"start":{"line":48,"column":2},"end":{"line":48,"column":14}},"27":{"start":{"line":50,"column":1},"end":{"line":56,"column":2}},"28":{"start":{"line":51,"column":2},"end":{"line":55,"column":3}},"29":{"start":{"line":52,"column":3},"end":{"line":52,"column":18}},"30":{"start":{"line":53,"column":9},"end":{"line":55,"column":3}},"31":{"start":{"line":54,"column":3},"end":{"line":54,"column":33}},"32":{"start":{"line":57,"column":1},"end":{"line":57,"column":13}},"33":{"start":{"line":60,"column":0},"end":{"line":67,"column":1}},"34":{"start":{"line":61,"column":1},"end":{"line":66,"column":3}},"35":{"start":{"line":69,"column":0},"end":{"line":86,"column":1}},"36":{"start":{"line":71,"column":1},"end":{"line":71,"column":39}},"37":{"start":{"line":71,"column":20},"end":{"line":71,"column":39}},"38":{"start":{"line":73,"column":1},"end":{"line":85,"column":3}},"39":{"start":{"line":74,"column":2},"end":{"line":79,"column":3}},"40":{"start":{"line":75,"column":3},"end":{"line":78,"column":7}},"41":{"start":{"line":80,"column":2},"end":{"line":82,"column":3}},"42":{"start":{"line":81,"column":3},"end":{"line":81,"column":30}},"43":{"start":{"line":83,"column":2},"end":{"line":83,"column":19}},"44":{"start":{"line":84,"column":2},"end":{"line":84,"column":34}},"45":{"start":{"line":88,"column":0},"end":{"line":96,"column":2}},"46":{"start":{"line":89,"column":1},"end":{"line":89,"column":32}},"47":{"start":{"line":90,"column":1},"end":{"line":93,"column":3}},"48":{"start":{"line":94,"column":1},"end":{"line":94,"column":93}},"49":{"start":{"line":94,"column":35},"end":{"line":94,"column":93}},"50":{"start":{"line":95,"column":1},"end":{"line":95,"column":50}},"51":{"start":{"line":98,"column":0},"end":{"line":106,"column":2}},"52":{"start":{"line":99,"column":1},"end":{"line":99,"column":32}},"53":{"start":{"line":100,"column":1},"end":{"line":103,"column":3}},"54":{"start":{"line":104,"column":1},"end":{"line":104,"column":93}},"55":{"start":{"line":104,"column":35},"end":{"line":104,"column":93}},"56":{"start":{"line":105,"column":1},"end":{"line":105,"column":50}},"57":{"start":{"line":108,"column":0},"end":{"line":115,"column":2}},"58":{"start":{"line":109,"column":1},"end":{"line":109,"column":32}},"59":{"start":{"line":110,"column":1},"end":{"line":113,"column":3}},"60":{"start":{"line":114,"column":1},"end":{"line":114,"column":50}},"61":{"start":{"line":117,"column":0},"end":{"line":125,"column":2}},"62":{"start":{"line":118,"column":1},"end":{"line":118,"column":32}},"63":{"start":{"line":119,"column":1},"end":{"line":123,"column":3}},"64":{"start":{"line":124,"column":1},"end":{"line":124,"column":50}},"65":{"start":{"line":127,"column":0},"end":{"line":129,"column":2}},"66":{"start":{"line":128,"column":1},"end":{"line":128,"column":32}}},"branchMap":{"1":{"line":12,"type":"cond-expr","locations":[{"start":{"line":13,"column":4},"end":{"line":13,"column":50}},{"start":{"line":14,"column":4},"end":{"line":14,"column":55}}]},"2":{"line":22,"type":"if","locations":[{"start":{"line":22,"column":1},"end":{"line":22,"column":1}},{"start":{"line":22,"column":1},"end":{"line":22,"column":1}}]},"3":{"line":25,"type":"if","locations":[{"start":{"line":25,"column":1},"end":{"line":25,"column":1}},{"start":{"line":25,"column":1},"end":{"line":25,"column":1}}]},"4":{"line":29,"type":"if","locations":[{"start":{"line":29,"column":2},"end":{"line":29,"column":2}},{"start":{"line":29,"column":2},"end":{"line":29,"column":2}}]},"5":{"line":32,"type":"if","locations":[{"start":{"line":32,"column":2},"end":{"line":32,"column":2}},{"start":{"line":32,"column":2},"end":{"line":32,"column":2}}]},"6":{"line":36,"type":"if","locations":[{"start":{"line":36,"column":2},"end":{"line":36,"column":2}},{"start":{"line":36,"column":2},"end":{"line":36,"column":2}}]},"7":{"line":36,"type":"binary-expr","locations":[{"start":{"line":36,"column":6},"end":{"line":36,"column":33}},{"start":{"line":36,"column":37},"end":{"line":36,"column":50}},{"start":{"line":36,"column":55},"end":{"line":36,"column":75}},{"start":{"line":36,"column":79},"end":{"line":36,"column":99}}]},"8":{"line":39,"type":"if","locations":[{"start":{"line":39,"column":3},"end":{"line":39,"column":3}},{"start":{"line":39,"column":3},"end":{"line":39,"column":3}}]},"9":{"line":39,"type":"binary-expr","locations":[{"start":{"line":39,"column":7},"end":{"line":39,"column":14}},{"start":{"line":39,"column":18},"end":{"line":39,"column":34}}]},"10":{"line":47,"type":"if","locations":[{"start":{"line":47,"column":1},"end":{"line":47,"column":1}},{"start":{"line":47,"column":1},"end":{"line":47,"column":1}}]},"11":{"line":51,"type":"if","locations":[{"start":{"line":51,"column":2},"end":{"line":51,"column":2}},{"start":{"line":51,"column":2},"end":{"line":51,"column":2}}]},"12":{"line":53,"type":"if","locations":[{"start":{"line":53,"column":9},"end":{"line":53,"column":9}},{"start":{"line":53,"column":9},"end":{"line":53,"column":9}}]},"13":{"line":63,"type":"binary-expr","locations":[{"start":{"line":63,"column":16},"end":{"line":63,"column":27}},{"start":{"line":63,"column":31},"end":{"line":63,"column":52}}]},"14":{"line":64,"type":"binary-expr","locations":[{"start":{"line":64,"column":16},"end":{"line":64,"column":28}},{"start":{"line":64,"column":32},"end":{"line":64,"column":63}}]},"15":{"line":71,"type":"if","locations":[{"start":{"line":71,"column":1},"end":{"line":71,"column":1}},{"start":{"line":71,"column":1},"end":{"line":71,"column":1}}]},"16":{"line":74,"type":"if","locations":[{"start":{"line":74,"column":2},"end":{"line":74,"column":2}},{"start":{"line":74,"column":2},"end":{"line":74,"column":2}}]},"17":{"line":80,"type":"if","locations":[{"start":{"line":80,"column":2},"end":{"line":80,"column":2}},{"start":{"line":80,"column":2},"end":{"line":80,"column":2}}]},"18":{"line":94,"type":"if","locations":[{"start":{"line":94,"column":1},"end":{"line":94,"column":1}},{"start":{"line":94,"column":1},"end":{"line":94,"column":1}}]},"19":{"line":104,"type":"if","locations":[{"start":{"line":104,"column":1},"end":{"line":104,"column":1}},{"start":{"line":104,"column":1},"end":{"line":104,"column":1}}]}}}}