TN:
SF:/Users/dan/repos/hoa/securenet-node/index.js
FN:3,(anonymous_1)
FN:23,(anonymous_2)
FN:30,(anonymous_3)
FN:34,(anonymous_4)
FN:42,(anonymous_5)
FN:46,(anonymous_6)
FN:50,(anonymous_7)
FN:54,(anonymous_8)
FN:62,(anonymous_9)
FN:66,(anonymous_10)
FN:77,(anonymous_11)
FN:85,(anonymous_12)
FN:93,(anonymous_13)
FN:102,(anonymous_14)
FN:111,(anonymous_15)
FN:124,(anonymous_16)
FN:131,(anonymous_17)
FN:140,(anonymous_18)
FN:147,(anonymous_19)
FN:156,(anonymous_20)
FN:163,(anonymous_21)
FN:172,(anonymous_22)
FN:181,(anonymous_23)
FN:194,(anonymous_24)
FN:202,(anonymous_25)
FN:213,(anonymous_26)
FN:228,(anonymous_27)
FN:238,(anonymous_28)
FN:249,(anonymous_29)
FNF:29
FNH:14
FNDA:25,(anonymous_1)
FNDA:0,(anonymous_2)
FNDA:0,(anonymous_3)
FNDA:0,(anonymous_4)
FNDA:2,(anonymous_5)
FNDA:0,(anonymous_6)
FNDA:2,(anonymous_7)
FNDA:1,(anonymous_8)
FNDA:3,(anonymous_9)
FNDA:1,(anonymous_10)
FNDA:1,(anonymous_11)
FNDA:3,(anonymous_12)
FNDA:1,(anonymous_13)
FNDA:1,(anonymous_14)
FNDA:1,(anonymous_15)
FNDA:0,(anonymous_16)
FNDA:0,(anonymous_17)
FNDA:0,(anonymous_18)
FNDA:0,(anonymous_19)
FNDA:1,(anonymous_20)
FNDA:1,(anonymous_21)
FNDA:1,(anonymous_22)
FNDA:0,(anonymous_23)
FNDA:0,(anonymous_24)
FNDA:0,(anonymous_25)
FNDA:0,(anonymous_26)
FNDA:0,(anonymous_27)
FNDA:0,(anonymous_28)
FNDA:0,(anonymous_29)
DA:3,1
DA:6,25
DA:7,25
DA:10,25
DA:11,25
DA:12,25
DA:23,25
DA:24,0
DA:25,0
DA:27,0
DA:30,25
DA:31,0
DA:34,25
DA:35,0
DA:42,25
DA:43,2
DA:46,25
DA:47,0
DA:50,25
DA:51,2
DA:54,25
DA:55,1
DA:62,25
DA:63,3
DA:66,25
DA:69,1
DA:72,1
DA:74,1
DA:77,25
DA:80,1
DA:82,1
DA:85,25
DA:88,3
DA:90,3
DA:93,25
DA:96,1
DA:97,1
DA:99,1
DA:102,25
DA:105,1
DA:106,1
DA:108,1
DA:111,25
DA:114,1
DA:115,1
DA:117,1
DA:124,25
DA:127,0
DA:129,0
DA:131,25
DA:134,0
DA:135,0
DA:137,0
DA:140,25
DA:143,0
DA:145,0
DA:147,25
DA:150,0
DA:151,0
DA:153,0
DA:156,25
DA:159,1
DA:161,1
DA:163,25
DA:166,1
DA:167,1
DA:169,1
DA:172,25
DA:175,1
DA:176,1
DA:178,1
DA:181,25
DA:184,0
DA:185,0
DA:187,0
DA:194,25
DA:195,0
DA:202,25
DA:205,0
DA:208,0
DA:210,0
DA:213,25
DA:216,0
DA:219,0
DA:221,0
DA:228,25
DA:231,0
DA:232,0
DA:234,0
DA:238,25
DA:241,0
DA:244,0
DA:246,0
DA:249,25
DA:252,0
DA:254,0
DA:259,25
LF:97
LH:63
BRDA:24,1,0,0
BRDA:24,1,1,0
BRDA:69,2,0,1
BRDA:69,2,1,0
BRDA:72,3,0,0
BRDA:72,3,1,1
BRDA:80,4,0,0
BRDA:80,4,1,1
BRDA:88,5,0,0
BRDA:88,5,1,3
BRDA:96,6,0,0
BRDA:96,6,1,1
BRDA:97,7,0,0
BRDA:97,7,1,1
BRDA:105,8,0,0
BRDA:105,8,1,1
BRDA:106,9,0,0
BRDA:106,9,1,1
BRDA:114,10,0,0
BRDA:114,10,1,1
BRDA:115,11,0,0
BRDA:115,11,1,1
BRDA:127,12,0,0
BRDA:127,12,1,0
BRDA:134,13,0,0
BRDA:134,13,1,0
BRDA:135,14,0,0
BRDA:135,14,1,0
BRDA:143,15,0,0
BRDA:143,15,1,0
BRDA:150,16,0,0
BRDA:150,16,1,0
BRDA:151,17,0,0
BRDA:151,17,1,0
BRDA:159,18,0,0
BRDA:159,18,1,1
BRDA:166,19,0,0
BRDA:166,19,1,1
BRDA:167,20,0,0
BRDA:167,20,1,1
BRDA:175,21,0,0
BRDA:175,21,1,1
BRDA:176,22,0,0
BRDA:176,22,1,1
BRDA:184,23,0,0
BRDA:184,23,1,0
BRDA:185,24,0,0
BRDA:185,24,1,0
BRDA:205,25,0,0
BRDA:205,25,1,0
BRDA:208,26,0,0
BRDA:208,26,1,0
BRDA:216,27,0,0
BRDA:216,27,1,0
BRDA:219,28,0,0
BRDA:219,28,1,0
BRDA:231,29,0,0
BRDA:231,29,1,0
BRDA:241,30,0,0
BRDA:241,30,1,0
BRDA:244,31,0,0
BRDA:244,31,1,0
BRDA:252,32,0,0
BRDA:252,32,1,0
BRF:64
BRH:15
end_of_record
TN:
SF:/Users/dan/repos/hoa/securenet-node/lib/util.js
FN:6,(anonymous_1)
FN:21,jsonExpand
FN:46,deleteNullProperties
FN:60,createError
FN:69,wrapCallback
FN:71,(anonymous_6)
FN:73,(anonymous_7)
FN:88,(anonymous_8)
FN:98,(anonymous_9)
FN:108,(anonymous_10)
FN:117,(anonymous_11)
FN:127,(anonymous_12)
FNF:12
FNH:8
FNDA:25,(anonymous_1)
FNDA:155,jsonExpand
FNDA:0,deleteNullProperties
FNDA:0,createError
FNDA:19,wrapCallback
FNDA:0,(anonymous_6)
FNDA:19,(anonymous_7)
FNDA:12,(anonymous_8)
FNDA:3,(anonymous_9)
FNDA:1,(anonymous_10)
FNDA:3,(anonymous_11)
FNDA:0,(anonymous_12)
DA:3,1
DA:4,1
DA:6,1
DA:10,25
DA:12,25
DA:16,25
DA:17,25
DA:21,1
DA:22,155
DA:23,0
DA:25,155
DA:26,0
DA:28,155
DA:29,970
DA:30,174
DA:32,796
DA:33,136
DA:34,136
DA:36,660
DA:37,24
DA:38,24
DA:39,24
DA:40,24
DA:46,1
DA:47,0
DA:48,0
DA:50,0
DA:51,0
DA:52,0
DA:53,0
DA:54,0
DA:57,0
DA:60,1
DA:61,0
DA:69,1
DA:71,19
DA:73,19
DA:74,19
DA:75,0
DA:80,19
DA:81,0
DA:83,19
DA:84,19
DA:88,1
DA:89,12
DA:90,12
DA:94,12
DA:95,12
DA:98,1
DA:99,3
DA:100,3
DA:104,3
DA:105,3
DA:108,1
DA:109,1
DA:110,1
DA:114,1
DA:117,1
DA:118,3
DA:119,3
DA:124,3
DA:127,1
DA:128,0
LF:63
LH:49
BRDA:12,1,0,1
BRDA:12,1,1,24
BRDA:22,2,0,0
BRDA:22,2,1,155
BRDA:25,3,0,0
BRDA:25,3,1,155
BRDA:29,4,0,174
BRDA:29,4,1,796
BRDA:32,5,0,136
BRDA:32,5,1,660
BRDA:36,6,0,24
BRDA:36,6,1,636
BRDA:36,7,0,660
BRDA:36,7,1,505
BRDA:36,7,2,58
BRDA:36,7,3,24
BRDA:39,8,0,24
BRDA:39,8,1,0
BRDA:39,9,0,24
BRDA:39,9,1,24
BRDA:47,10,0,0
BRDA:47,10,1,0
BRDA:51,11,0,0
BRDA:51,11,1,0
BRDA:53,12,0,0
BRDA:53,12,1,0
BRDA:63,13,0,0
BRDA:63,13,1,0
BRDA:64,14,0,0
BRDA:64,14,1,0
BRDA:71,15,0,0
BRDA:71,15,1,19
BRDA:74,16,0,0
BRDA:74,16,1,19
BRDA:80,17,0,0
BRDA:80,17,1,19
BRDA:94,18,0,10
BRDA:94,18,1,2
BRDA:104,19,0,2
BRDA:104,19,1,1
BRF:40
BRH:24
end_of_record
