TN:
SF:/Users/dan/repos/hoa/securenet-node/index.js
FN:5,(anonymous_1)
FN:14,(anonymous_2)
FN:18,(anonymous_3)
FN:22,(anonymous_4)
FN:29,(anonymous_5)
FN:34,(anonymous_6)
FN:43,(anonymous_7)
FN:51,(anonymous_8)
FN:55,(anonymous_9)
FN:63,(anonymous_10)
FN:67,(anonymous_11)
FN:71,(anonymous_12)
FN:75,(anonymous_13)
FN:83,(anonymous_14)
FN:87,(anonymous_15)
FN:98,(anonymous_16)
FN:106,(anonymous_17)
FN:114,(anonymous_18)
FN:123,(anonymous_19)
FN:132,(anonymous_20)
FN:145,(anonymous_21)
FN:152,(anonymous_22)
FN:161,(anonymous_23)
FN:168,(anonymous_24)
FN:177,(anonymous_25)
FN:184,(anonymous_26)
FN:193,(anonymous_27)
FN:202,(anonymous_28)
FN:215,(anonymous_29)
FN:223,(anonymous_30)
FN:234,(anonymous_31)
FN:249,(anonymous_32)
FN:259,(anonymous_33)
FN:270,(anonymous_34)
FNF:34
FNH:21
FNDA:13,(anonymous_1)
FNDA:1,(anonymous_2)
FNDA:5,(anonymous_3)
FNDA:2,(anonymous_4)
FNDA:1,(anonymous_5)
FNDA:0,(anonymous_6)
FNDA:0,(anonymous_7)
FNDA:0,(anonymous_8)
FNDA:0,(anonymous_9)
FNDA:2,(anonymous_10)
FNDA:0,(anonymous_11)
FNDA:6,(anonymous_12)
FNDA:1,(anonymous_13)
FNDA:4,(anonymous_14)
FNDA:1,(anonymous_15)
FNDA:1,(anonymous_16)
FNDA:5,(anonymous_17)
FNDA:1,(anonymous_18)
FNDA:1,(anonymous_19)
FNDA:1,(anonymous_20)
FNDA:0,(anonymous_21)
FNDA:0,(anonymous_22)
FNDA:0,(anonymous_23)
FNDA:0,(anonymous_24)
FNDA:1,(anonymous_25)
FNDA:1,(anonymous_26)
FNDA:1,(anonymous_27)
FNDA:0,(anonymous_28)
FNDA:1,(anonymous_29)
FNDA:1,(anonymous_30)
FNDA:1,(anonymous_31)
FNDA:0,(anonymous_32)
FNDA:0,(anonymous_33)
FNDA:0,(anonymous_34)
DA:3,1
DA:5,1
DA:7,13
DA:8,13
DA:14,13
DA:15,1
DA:18,13
DA:19,5
DA:22,13
DA:23,2
DA:29,13
DA:30,1
DA:32,1
DA:34,13
DA:35,0
DA:37,0
DA:43,13
DA:44,0
DA:45,0
DA:47,0
DA:51,13
DA:52,0
DA:55,13
DA:56,0
DA:63,13
DA:64,2
DA:67,13
DA:68,0
DA:71,13
DA:72,6
DA:75,13
DA:76,1
DA:83,13
DA:84,4
DA:87,13
DA:90,1
DA:93,1
DA:95,1
DA:98,13
DA:101,1
DA:103,1
DA:106,13
DA:109,5
DA:111,5
DA:114,13
DA:117,1
DA:118,1
DA:120,1
DA:123,13
DA:126,1
DA:127,1
DA:129,1
DA:132,13
DA:135,1
DA:136,1
DA:138,1
DA:145,13
DA:148,0
DA:150,0
DA:152,13
DA:155,0
DA:156,0
DA:158,0
DA:161,13
DA:164,0
DA:166,0
DA:168,13
DA:171,0
DA:172,0
DA:174,0
DA:177,13
DA:180,1
DA:182,1
DA:184,13
DA:187,1
DA:188,1
DA:190,1
DA:193,13
DA:196,1
DA:197,1
DA:199,1
DA:202,13
DA:205,0
DA:206,0
DA:208,0
DA:215,13
DA:216,1
DA:223,13
DA:226,1
DA:229,1
DA:231,1
DA:234,13
DA:237,1
DA:240,1
DA:242,1
DA:249,13
DA:252,0
DA:253,0
DA:255,0
DA:259,13
DA:262,0
DA:265,0
DA:267,0
DA:270,13
DA:273,0
DA:275,0
DA:280,13
LF:107
LH:78
BRDA:30,1,0,0
BRDA:30,1,1,1
BRDA:35,2,0,0
BRDA:35,2,1,0
BRDA:44,3,0,0
BRDA:44,3,1,0
BRDA:90,4,0,1
BRDA:90,4,1,0
BRDA:93,5,0,0
BRDA:93,5,1,1
BRDA:101,6,0,0
BRDA:101,6,1,1
BRDA:109,7,0,0
BRDA:109,7,1,5
BRDA:117,8,0,0
BRDA:117,8,1,1
BRDA:118,9,0,0
BRDA:118,9,1,1
BRDA:126,10,0,0
BRDA:126,10,1,1
BRDA:127,11,0,0
BRDA:127,11,1,1
BRDA:135,12,0,0
BRDA:135,12,1,1
BRDA:136,13,0,0
BRDA:136,13,1,1
BRDA:148,14,0,0
BRDA:148,14,1,0
BRDA:155,15,0,0
BRDA:155,15,1,0
BRDA:156,16,0,0
BRDA:156,16,1,0
BRDA:164,17,0,0
BRDA:164,17,1,0
BRDA:171,18,0,0
BRDA:171,18,1,0
BRDA:172,19,0,0
BRDA:172,19,1,0
BRDA:180,20,0,0
BRDA:180,20,1,1
BRDA:187,21,0,0
BRDA:187,21,1,1
BRDA:188,22,0,0
BRDA:188,22,1,1
BRDA:196,23,0,0
BRDA:196,23,1,1
BRDA:197,24,0,0
BRDA:197,24,1,1
BRDA:205,25,0,0
BRDA:205,25,1,0
BRDA:206,26,0,0
BRDA:206,26,1,0
BRDA:226,27,0,0
BRDA:226,27,1,1
BRDA:229,28,0,0
BRDA:229,28,1,1
BRDA:237,29,0,0
BRDA:237,29,1,1
BRDA:240,30,0,0
BRDA:240,30,1,1
BRDA:252,31,0,0
BRDA:252,31,1,0
BRDA:262,32,0,0
BRDA:262,32,1,0
BRDA:265,33,0,0
BRDA:265,33,1,0
BRDA:273,34,0,0
BRDA:273,34,1,0
BRF:68
BRH:20
end_of_record
TN:
SF:/Users/dan/repos/hoa/securenet-node/lib/util.js
FN:5,(anonymous_1)
FN:22,jsonExpand
FN:47,deleteNullProperties
FN:61,createError
FN:70,wrapCallback
FN:72,(anonymous_6)
FN:74,(anonymous_7)
FN:93,(anonymous_8)
FN:98,(anonymous_9)
FN:104,(anonymous_10)
FN:110,(anonymous_11)
FN:120,(anonymous_12)
FN:130,(anonymous_13)
FN:139,(anonymous_14)
FN:152,(anonymous_15)
FNF:15
FNH:12
FNDA:13,(anonymous_1)
FNDA:215,jsonExpand
FNDA:0,deleteNullProperties
FNDA:0,createError
FNDA:30,wrapCallback
FNDA:0,(anonymous_6)
FNDA:30,(anonymous_7)
FNDA:6,(anonymous_8)
FNDA:32,(anonymous_9)
FNDA:29,(anonymous_10)
FNDA:22,(anonymous_11)
FNDA:3,(anonymous_12)
FNDA:1,(anonymous_13)
FNDA:3,(anonymous_14)
FNDA:1,(anonymous_15)
DA:3,1
DA:5,1
DA:7,13
DA:12,13
DA:13,13
DA:14,13
DA:22,1
DA:23,215
DA:24,0
DA:26,215
DA:27,0
DA:29,215
DA:30,1601
DA:31,325
DA:33,1276
DA:34,185
DA:35,185
DA:37,1091
DA:38,41
DA:39,41
DA:40,41
DA:41,41
DA:47,1
DA:48,0
DA:49,0
DA:51,0
DA:52,0
DA:53,0
DA:54,0
DA:55,0
DA:58,0
DA:61,1
DA:62,0
DA:70,1
DA:72,30
DA:74,30
DA:75,30
DA:76,0
DA:81,30
DA:82,0
DA:84,30
DA:85,30
DA:93,13
DA:94,6
DA:95,6
DA:98,13
DA:99,32
DA:104,13
DA:105,29
DA:106,29
DA:107,29
DA:110,13
DA:111,22
DA:112,22
DA:116,22
DA:117,22
DA:120,13
DA:121,3
DA:122,3
DA:126,3
DA:127,3
DA:130,13
DA:131,1
DA:132,1
DA:136,1
DA:139,13
DA:140,3
DA:141,3
DA:146,3
DA:152,13
DA:154,1
DA:155,1
DA:161,1
DA:162,1
DA:169,13
LF:75
LH:62
BRDA:23,1,0,0
BRDA:23,1,1,215
BRDA:26,2,0,0
BRDA:26,2,1,215
BRDA:30,3,0,325
BRDA:30,3,1,1276
BRDA:33,4,0,185
BRDA:33,4,1,1091
BRDA:37,5,0,41
BRDA:37,5,1,1050
BRDA:37,6,0,1091
BRDA:37,6,1,826
BRDA:37,6,2,91
BRDA:37,6,3,41
BRDA:40,7,0,41
BRDA:40,7,1,0
BRDA:40,8,0,41
BRDA:40,8,1,41
BRDA:48,9,0,0
BRDA:48,9,1,0
BRDA:52,10,0,0
BRDA:52,10,1,0
BRDA:54,11,0,0
BRDA:54,11,1,0
BRDA:64,12,0,0
BRDA:64,12,1,0
BRDA:65,13,0,0
BRDA:65,13,1,0
BRDA:72,14,0,0
BRDA:72,14,1,30
BRDA:75,15,0,0
BRDA:75,15,1,30
BRDA:81,16,0,0
BRDA:81,16,1,30
BRDA:94,17,0,1
BRDA:94,17,1,5
BRDA:99,18,0,1
BRDA:99,18,1,31
BRDA:116,19,0,19
BRDA:116,19,1,3
BRDA:126,20,0,2
BRDA:126,20,1,1
BRDA:161,21,0,1
BRDA:161,21,1,0
BRF:44
BRH:27
end_of_record
